<?xml version="1.0" encoding="UTF-8"?>
<!-- Generated by org.testng.reporters.JUnitReportReporter -->
<testsuite hostname="LAPTOP-JHUL823S" failures="0" tests="1" name="com.testscrips.TC_002" time="8.374" errors="0" timestamp="2024-05-28T22:01:51 IST" skipped="0">
  <testcase classname="com.testscrips.TC_002" name="tc_002" time="8.374"/>
  <system-out/>
</testsuite> <!-- com.testscrips.TC_002 -->
