<?xml version="1.0" encoding="UTF-8"?>
<!-- Generated by org.testng.reporters.JUnitReportReporter -->
<testsuite hostname="LAPTOP-JHUL823S" failures="0" tests="1" name="com.testscrips.TC_001" time="5.870" errors="0" timestamp="2024-05-28T21:44:47 IST" skipped="0">
  <testcase classname="com.testscrips.TC_001" name="tc_001" time="5.870"/>
  <system-out/>
</testsuite> <!-- com.testscrips.TC_001 -->
