<?xml version="1.0" encoding="UTF-8"?>
<!-- Generated by org.testng.reporters.JUnitReportReporter -->
<testsuite hostname="LAPTOP-JHUL823S" failures="0" tests="1" name="com.testscrips.test" time="3.140" errors="0" timestamp="2024-05-27T11:20:35 IST" skipped="0">
  <testcase classname="com.testscrips.test" name="test1" time="3.140"/>
  <system-out/>
</testsuite> <!-- com.testscrips.test -->
